#
# There is insufficient memory for the Java Runtime Environment to continue.
# Native memory allocation (malloc) failed to allocate 710496 bytes for Chunk::new
# Possible reasons:
#   The system is out of physical RAM or swap space
#   The process is running with CompressedOops enabled, and the Java Heap may be blocking the growth of the native heap
# Possible solutions:
#   Reduce memory load on the system
#   Increase physical memory or swap space
#   Check if swap backing store is full
#   Decrease Java heap size (-Xmx/-Xms)
#   Decrease number of Java threads
#   Decrease Java thread stack sizes (-Xss)
#   Set larger code cache with -XX:ReservedCodeCacheSize=
#   JVM is running with Zero Based Compressed Oops mode in which the Java heap is
#     placed in the first 32GB address space. The Java Heap base address is the
#     maximum limit for the native heap growth. Please use -XX:HeapBaseMinAddress
#     to set the Java Heap base and to place the Java Heap above 32GB virtual address.
# This output file may be truncated or incomplete.
#
#  Out of Memory Error (allocation.cpp:389), pid=18760, tid=0x0000000000001d64
#
# JRE version: Java(TM) SE Runtime Environment (8.0_202-b08) (build 1.8.0_202-b08)
# Java VM: Java HotSpot(TM) 64-Bit Server VM (25.202-b08 mixed mode windows-amd64 compressed oops)
# Failed to write core dump. Minidumps are not enabled by default on client versions of Windows
#

---------------  T H R E A D  ---------------

Current thread (0x000000001e1ea800):  JavaThread "C2 CompilerThread0" daemon [_thread_in_native, id=7524, stack(0x000000001eab0000,0x000000001ebb0000)]

Stack: [0x000000001eab0000,0x000000001ebb0000]
[error occurred during error reporting (printing stack bounds), id 0xc0000005]

Native frames: (J=compiled Java code, j=interpreted, Vv=VM code, C=native code)


Current CompileTask:
C2:    519  655       4       sun.misc.URLClassPath::getResource (83 bytes)


---------------  P R O C E S S  ---------------

Java Threads: ( => current thread )
  0x000000001e27a000 JavaThread "Service Thread" daemon [_thread_blocked, id=17248, stack(0x000000001eeb0000,0x000000001efb0000)]
  0x000000001e1f1000 JavaThread "C1 CompilerThread3" daemon [_thread_blocked, id=13636, stack(0x000000001edb0000,0x000000001eeb0000)]
  0x000000001c3fc000 JavaThread "C2 CompilerThread2" daemon [_thread_blocked, id=14192, stack(0x000000001ecb0000,0x000000001edb0000)]
  0x000000001c3fa000 JavaThread "C2 CompilerThread1" daemon [_thread_blocked, id=1488, stack(0x000000001ebb0000,0x000000001ecb0000)]
=>0x000000001e1ea800 JavaThread "C2 CompilerThread0" daemon [_thread_in_native, id=7524, stack(0x000000001eab0000,0x000000001ebb0000)]
  0x000000001e1e8000 JavaThread "Attach Listener" daemon [_thread_blocked, id=18960, stack(0x000000001e9b0000,0x000000001eab0000)]
  0x000000001c3f9800 JavaThread "Signal Dispatcher" daemon [_thread_blocked, id=14860, stack(0x000000001e8b0000,0x000000001e9b0000)]
  0x000000001e1d1800 JavaThread "Finalizer" daemon [_thread_blocked, id=16524, stack(0x000000001e6b0000,0x000000001e7b0000)]
  0x000000001e1d0800 JavaThread "Reference Handler" daemon [_thread_blocked, id=17328, stack(0x000000001e5b0000,0x000000001e6b0000)]
  0x0000000002ab4000 JavaThread "main" [_thread_in_Java, id=13668, stack(0x0000000002910000,0x0000000002a10000)]

Other Threads:
  0x000000001c3e9800 VMThread [stack: 0x000000001e0b0000,0x000000001e1b0000] [id=18876]
  0x000000001e292000 WatcherThread [stack: 0x000000001efb0000,0x000000001f0b0000] [id=5164]

VM state:not at safepoint (normal execution)

VM Mutex/Monitor currently owned by a thread: None

heap address: 0x00000006c4e00000, size: 4018 MB, Compressed Oops mode: Zero based, Oop shift amount: 3
Narrow klass base: 0x0000000000000000, Narrow klass shift: 3
Compressed class space size: 1073741824 Address: 0x00000007c0000000

Heap:
 PSYoungGen      total 75264K, used 24630K [0x000000076c500000, 0x0000000771900000, 0x00000007c0000000)
  eden space 64512K, 28% used [0x000000076c500000,0x000000076d7415b8,0x0000000770400000)
  from space 10752K, 55% used [0x0000000770400000,0x00000007709cc4e8,0x0000000770e80000)
  to   space 10752K, 0% used [0x0000000770e80000,0x0000000770e80000,0x0000000771900000)
 ParOldGen       total 172032K, used 8K [0x00000006c4e00000, 0x00000006cf600000, 0x000000076c500000)
  object space 172032K, 0% used [0x00000006c4e00000,0x00000006c4e02000,0x00000006cf600000)
 Metaspace       used 8839K, capacity 8950K, committed 9216K, reserved 1056768K
  class space    used 1121K, capacity 1169K, committed 1280K, reserved 1048576K

Card table byte_map: [0x0000000011f70000,0x0000000012750000] byte_map_base: 0x000000000e949000

Marking Bits: (ParMarkBitMap*) 0x00000000736c5ce0
 Begin Bits: [0x0000000013490000, 0x0000000017358000)
 End Bits:   [0x0000000017358000, 0x000000001b220000)

Polling page: 0x0000000001080000

CodeCache: size=245760Kb used=3260Kb max_used=3260Kb free=242499Kb
 bounds [0x0000000002bb0000, 0x0000000002ef0000, 0x0000000011bb0000]
 total_blobs=990 nmethods=710 adapters=193
 compilation: enabled

Compilation events (10 events):
Event: 0.516 Thread 0x000000001e1f1000  704       1       java.lang.reflect.Method::getReturnType (5 bytes)
Event: 0.516 Thread 0x000000001e1f1000 nmethod 704 0x0000000002edb4d0 code [0x0000000002edb620, 0x0000000002edb730]
Event: 0.516 Thread 0x000000001e1f1000  705       1       java.lang.reflect.Method::getDeclaringClass (5 bytes)
Event: 0.516 Thread 0x000000001e1f1000 nmethod 705 0x0000000002edb210 code [0x0000000002edb360, 0x0000000002edb470]
Event: 0.516 Thread 0x000000001e1f1000  706       1       java.lang.reflect.Method::getName (5 bytes)
Event: 0.516 Thread 0x000000001e1f1000 nmethod 706 0x0000000002edaf50 code [0x0000000002edb0a0, 0x0000000002edb1b0]
Event: 0.517 Thread 0x000000001e1f1000  709       3       java.util.HashMap$HashIterator::nextNode (100 bytes)
Event: 0.517 Thread 0x000000001e1f1000 nmethod 709 0x0000000002edeb90 code [0x0000000002eded40, 0x0000000002edf1f8]
Event: 0.517 Thread 0x000000001e1f1000  707       3       java.util.HashMap$HashIterator::hasNext (13 bytes)
Event: 0.517 Thread 0x000000001e1f1000 nmethod 707 0x0000000002edf410 code [0x0000000002edf560, 0x0000000002edf710]

GC Heap History (2 events):
Event: 0.350 GC heap before
{Heap before GC invocations=1 (full 0):
 PSYoungGen      total 75264K, used 64512K [0x000000076c500000, 0x0000000771900000, 0x00000007c0000000)
  eden space 64512K, 100% used [0x000000076c500000,0x0000000770400000,0x0000000770400000)
  from space 10752K, 0% used [0x0000000770e80000,0x0000000770e80000,0x0000000771900000)
  to   space 10752K, 0% used [0x0000000770400000,0x0000000770400000,0x0000000770e80000)
 ParOldGen       total 172032K, used 0K [0x00000006c4e00000, 0x00000006cf600000, 0x000000076c500000)
  object space 172032K, 0% used [0x00000006c4e00000,0x00000006c4e00000,0x00000006cf600000)
 Metaspace       used 4702K, capacity 5624K, committed 5760K, reserved 1056768K
  class space    used 514K, capacity 552K, committed 640K, reserved 1048576K
Event: 0.353 GC heap after
Heap after GC invocations=1 (full 0):
 PSYoungGen      total 75264K, used 5937K [0x000000076c500000, 0x0000000771900000, 0x00000007c0000000)
  eden space 64512K, 0% used [0x000000076c500000,0x000000076c500000,0x0000000770400000)
  from space 10752K, 55% used [0x0000000770400000,0x00000007709cc4e8,0x0000000770e80000)
  to   space 10752K, 0% used [0x0000000770e80000,0x0000000770e80000,0x0000000771900000)
 ParOldGen       total 172032K, used 8K [0x00000006c4e00000, 0x00000006cf600000, 0x000000076c500000)
  object space 172032K, 0% used [0x00000006c4e00000,0x00000006c4e02000,0x00000006cf600000)
 Metaspace       used 4702K, capacity 5624K, committed 5760K, reserved 1056768K
  class space    used 514K, capacity 552K, committed 640K, reserved 1048576K
}

Deoptimization events (8 events):
Event: 0.298 Thread 0x0000000002ab4000 Uncommon trap: reason=unstable_if action=reinterpret pc=0x0000000002d86ef0 method=java.lang.String.regionMatches(ZILjava/lang/String;II)Z @ 41
Event: 0.309 Thread 0x0000000002ab4000 Uncommon trap: reason=unstable_if action=reinterpret pc=0x0000000002d413d4 method=java.lang.String.indexOf([CII[CIII)I @ 3
Event: 0.310 Thread 0x0000000002ab4000 Uncommon trap: reason=unstable_if action=reinterpret pc=0x0000000002df64c8 method=java.net.URLStreamHandler.parseURL(Ljava/net/URL;Ljava/lang/String;II)V @ 133
Event: 0.383 Thread 0x0000000002ab4000 Uncommon trap: reason=unstable_if action=reinterpret pc=0x0000000002da8be0 method=java.util.HashMap.getNode(ILjava/lang/Object;)Ljava/util/HashMap$Node; @ 116
Event: 0.386 Thread 0x0000000002ab4000 Uncommon trap: reason=unstable_if action=reinterpret pc=0x0000000002e373ec method=sun.misc.MetaIndex.mayContain(Ljava/lang/String;)Z @ 13
Event: 0.434 Thread 0x0000000002ab4000 Uncommon trap: reason=unstable_if action=reinterpret pc=0x0000000002e780cc method=sun.misc.MetaIndex.mayContain(Ljava/lang/String;)Z @ 38
Event: 0.434 Thread 0x0000000002ab4000 Uncommon trap: reason=unstable_if action=reinterpret pc=0x0000000002dc1394 method=sun.net.www.ParseUtil.decode(Ljava/lang/String;)Ljava/lang/String; @ 15
Event: 0.517 Thread 0x0000000002ab4000 Uncommon trap: reason=unstable_if action=reinterpret pc=0x0000000002e79f40 method=java.util.HashMap.hash(Ljava/lang/Object;)I @ 1

Classes redefined (0 events):
No events

Internal exceptions (10 events):
Event: 0.289 Thread 0x0000000002ab4000 Exception <a 'java/security/PrivilegedActionException'> (0x000000076ff0d918) thrown at [C:\re\workspace\8-2-build-windows-amd64-cygwin\jdk8u202\12323\hotspot\src\share\vm\prims\jvm.cpp, line 1502]
Event: 0.289 Thread 0x0000000002ab4000 Exception <a 'java/security/PrivilegedActionException'> (0x000000076ff0f2a0) thrown at [C:\re\workspace\8-2-build-windows-amd64-cygwin\jdk8u202\12323\hotspot\src\share\vm\prims\jvm.cpp, line 1502]
Event: 0.289 Thread 0x0000000002ab4000 Exception <a 'java/security/PrivilegedActionException'> (0x000000076ff0f4b0) thrown at [C:\re\workspace\8-2-build-windows-amd64-cygwin\jdk8u202\12323\hotspot\src\share\vm\prims\jvm.cpp, line 1502]
Event: 0.386 Thread 0x0000000002ab4000 Exception <a 'java/security/PrivilegedActionException'> (0x000000076c8bea48) thrown at [C:\re\workspace\8-2-build-windows-amd64-cygwin\jdk8u202\12323\hotspot\src\share\vm\prims\jvm.cpp, line 1502]
Event: 0.386 Thread 0x0000000002ab4000 Exception <a 'java/security/PrivilegedActionException'> (0x000000076c8bee40) thrown at [C:\re\workspace\8-2-build-windows-amd64-cygwin\jdk8u202\12323\hotspot\src\share\vm\prims\jvm.cpp, line 1502]
Event: 0.387 Thread 0x0000000002ab4000 Exception <a 'java/security/PrivilegedActionException'> (0x000000076c8c1c18) thrown at [C:\re\workspace\8-2-build-windows-amd64-cygwin\jdk8u202\12323\hotspot\src\share\vm\prims\jvm.cpp, line 1502]
Event: 0.387 Thread 0x0000000002ab4000 Exception <a 'java/security/PrivilegedActionException'> (0x000000076c8c2010) thrown at [C:\re\workspace\8-2-build-windows-amd64-cygwin\jdk8u202\12323\hotspot\src\share\vm\prims\jvm.cpp, line 1502]
Event: 0.387 Thread 0x0000000002ab4000 Exception <a 'java/security/PrivilegedActionException'> (0x000000076c8c6158) thrown at [C:\re\workspace\8-2-build-windows-amd64-cygwin\jdk8u202\12323\hotspot\src\share\vm\prims\jvm.cpp, line 1502]
Event: 0.387 Thread 0x0000000002ab4000 Exception <a 'java/security/PrivilegedActionException'> (0x000000076c8c6550) thrown at [C:\re\workspace\8-2-build-windows-amd64-cygwin\jdk8u202\12323\hotspot\src\share\vm\prims\jvm.cpp, line 1502]
Event: 0.517 Thread 0x0000000002ab4000 Implicit null exception at 0x0000000002e79bb5 to 0x0000000002e79f31

Events (10 events):
Event: 0.518 loading class org/hibernate/internal/CoreMessageLogger_$logger_en
Event: 0.518 loading class org/hibernate/internal/CoreMessageLogger_$logger_en done
Event: 0.518 loading class java/util/concurrent/ConcurrentLinkedQueue
Event: 0.518 loading class java/util/AbstractQueue
Event: 0.518 loading class java/util/AbstractQueue done
Event: 0.518 loading class java/util/concurrent/ConcurrentLinkedQueue done
Event: 0.518 loading class java/util/concurrent/ConcurrentLinkedQueue$Node
Event: 0.518 loading class java/util/concurrent/ConcurrentLinkedQueue$Node done
Event: 0.518 loading class java/sql/Connection
Event: 0.518 loading class java/sql/Connection done


Dynamic libraries:
0x00007ff72c790000 - 0x00007ff72c7c7000 	C:\Program Files\Java\jdk1.8.0_202\bin\java.exe
0x00007ffc0c9b0000 - 0x00007ffc0cba8000 	C:\Windows\SYSTEM32\ntdll.dll
0x00007ffc0b450000 - 0x00007ffc0b512000 	C:\Windows\System32\KERNEL32.DLL
0x00007ffc0a110000 - 0x00007ffc0a40f000 	C:\Windows\System32\KERNELBASE.dll
0x00007ffc0c290000 - 0x00007ffc0c341000 	C:\Windows\System32\ADVAPI32.dll
0x00007ffc0b6c0000 - 0x00007ffc0b75e000 	C:\Windows\System32\msvcrt.dll
0x00007ffc0ac80000 - 0x00007ffc0ad1f000 	C:\Windows\System32\sechost.dll
0x00007ffc0c840000 - 0x00007ffc0c963000 	C:\Windows\System32\RPCRT4.dll
0x00007ffc0a630000 - 0x00007ffc0a657000 	C:\Windows\System32\bcrypt.dll
0x00007ffc0b520000 - 0x00007ffc0b6bd000 	C:\Windows\System32\USER32.dll
0x00007ffc0a040000 - 0x00007ffc0a062000 	C:\Windows\System32\win32u.dll
0x00007ffc0b220000 - 0x00007ffc0b24b000 	C:\Windows\System32\GDI32.dll
0x00007ffc0a410000 - 0x00007ffc0a527000 	C:\Windows\System32\gdi32full.dll
0x00007ffc0a070000 - 0x00007ffc0a10d000 	C:\Windows\System32\msvcp_win.dll
0x00007ffc0a7c0000 - 0x00007ffc0a8c0000 	C:\Windows\System32\ucrtbase.dll
0x00007ffbfa890000 - 0x00007ffbfab2a000 	C:\Windows\WinSxS\amd64_microsoft.windows.common-controls_6595b64144ccf1df_6.0.19041.4355_none_60b8b9eb71f62e16\COMCTL32.dll
0x00007ffc0c420000 - 0x00007ffc0c44f000 	C:\Windows\System32\IMM32.DLL
0x0000000072dc0000 - 0x0000000072e92000 	C:\Program Files\Java\jdk1.8.0_202\jre\bin\msvcr100.dll
0x0000000072ea0000 - 0x0000000073745000 	C:\Program Files\Java\jdk1.8.0_202\jre\bin\server\jvm.dll
0x00007ffc0b250000 - 0x00007ffc0b258000 	C:\Windows\System32\PSAPI.DLL
0x00007ffbf7430000 - 0x00007ffbf7457000 	C:\Windows\SYSTEM32\WINMM.dll
0x00007ffc01f60000 - 0x00007ffc01f6a000 	C:\Windows\SYSTEM32\VERSION.dll
0x00007ffbf73d0000 - 0x00007ffbf73d9000 	C:\Windows\SYSTEM32\WSOCK32.dll
0x00007ffc0c450000 - 0x00007ffc0c4bb000 	C:\Windows\System32\WS2_32.dll
0x00007ffbf0010000 - 0x00007ffbf001f000 	C:\Program Files\Java\jdk1.8.0_202\jre\bin\verify.dll
0x00007ffbefc10000 - 0x00007ffbefc39000 	C:\Program Files\Java\jdk1.8.0_202\jre\bin\java.dll
0x00007ffbef720000 - 0x00007ffbef736000 	C:\Program Files\Java\jdk1.8.0_202\jre\bin\zip.dll
0x00007ffc0ba00000 - 0x00007ffc0c16e000 	C:\Windows\System32\SHELL32.dll
0x00007ffc07ac0000 - 0x00007ffc08264000 	C:\Windows\SYSTEM32\windows.storage.dll
0x00007ffc0c4c0000 - 0x00007ffc0c815000 	C:\Windows\System32\combase.dll
0x00007ffc09990000 - 0x00007ffc099bf000 	C:\Windows\SYSTEM32\Wldp.dll
0x00007ffc0c350000 - 0x00007ffc0c41d000 	C:\Windows\System32\OLEAUT32.dll
0x00007ffc0abd0000 - 0x00007ffc0ac7d000 	C:\Windows\System32\SHCORE.dll
0x00007ffc0b260000 - 0x00007ffc0b2b5000 	C:\Windows\System32\shlwapi.dll
0x00007ffc09f70000 - 0x00007ffc09f94000 	C:\Windows\SYSTEM32\profapi.dll

VM Arguments:
jvm_args: -Dfile.encoding=UTF-8 -Xbootclasspath/p:C:\Program Files\NetBeans 8.0.2\enterprise\modules\ext\javaee6-endorsed\javax.annotation.jar;C:\Program Files\NetBeans 8.0.2\enterprise\modules\ext\javaee6-endorsed\jaxb-api-osgi.jar;C:\Program Files\NetBeans 8.0.2\enterprise\modules\ext\javaee6-endorsed\webservices-api-osgi.jar 
java_command: test.Test
java_class_path (initial): C:\Users\HP-PC\Documents\NetBeansProjects\Application de Gestion des Formations\build\web\WEB-INF\classes;C:\Program Files\NetBeans 8.0.2\java\modules\ext\hibernate4\antlr-2.7.7.jar;C:\Program Files\NetBeans 8.0.2\java\modules\ext\hibernate4\c3p0-0.9.2.1.jar;C:\Program Files\NetBeans 8.0.2\java\modules\ext\hibernate4\hibernate-c3p0-4.3.1.Final.jar;C:\Program Files\NetBeans 8.0.2\java\modules\ext\hibernate4\mchange-commons-java-0.2.3.4.jar;C:\Program Files\NetBeans 8.0.2\java\modules\ext\hibernate4\dom4j-1.6.1.jar;C:\Program Files\NetBeans 8.0.2\java\modules\ext\hibernate4\ehcache-core-2.4.3.jar;C:\Program Files\NetBeans 8.0.2\java\modules\ext\hibernate4\hibernate-ehcache-4.3.1.Final.jar;C:\Program Files\NetBeans 8.0.2\java\modules\ext\hibernate4\hibernate-core-4.3.1.Final.jar;C:\Program Files\NetBeans 8.0.2\java\modules\ext\hibernate4\jboss-logging-3.1.3.GA.jar;C:\Program Files\NetBeans 8.0.2\java\modules\ext\hibernate4\hibernate-commons-annotations-4.0.4.Final.jar;C:\Program Files\NetBeans 8.0.2\java\modules\ext\hibernate4\hibernate-entitymanager-4.3.1.Final.jar;C:\Program Files\NetBeans 8.0.2\java\modules\ext\hibernate4\javassist-3.18.1-GA.jar;C:\Program Files\NetBeans 8.0.2\java\modules\ext\hibernate4\jboss-transaction-api_1.2_spec-1.0.0.Final.jar;C:\Program Files\NetBeans 8.0.2\java\modules\ext\hibernate4\slf4j-api-1.6.1.jar;C:\Program Files\NetBeans 8.0.2\java\modules\ext\hibernate4\slf4j-simple-1.6.1.jar;C:\Program Files\NetBeans 8.0.2\java\modules\ext\hibernate4\hibernate-jpa-2.1-api-1.0.0.Final.jar;C:\Program Files\NetBeans 8.0.2\ide\modules\ext\mysql-connector-java-5.1.23-bin.jar;C:\Program Files\glassfish-4.1\glassfish\modules\endorsed\javax.annotation-api.jar;C:\Program Files\glassfish-4.1\glassfish\modules\endorsed\jaxb-api.jar;C:\Program Files\glassfish-4.1\glassfish\modules\endorsed\webservices-api-osgi.jar;C:\Program Files\glassfish-4.1\glassfish\modules\bean-validator.jar;C:\Program Files\glassfish-4.1\glassfish\modules\j
Launcher Type: SUN_STANDARD

Environment Variables:
PATH=C:\Program Files (x86)\Common Files\Oracle\Java\javapath;C:\Program Files\Eclipse Adoptium\jdk-21.0.6.7-hotspot\bin;C:\Users\HP-PC\AppData\Local\Programs\Python\Python313\Scripts\;C:\Users\HP-PC\AppData\Local\Programs\Python\Python313\;C:\Program Files\Common Files\Oracle\Java\javapath;C:\Python312\Scripts\;C:\Python312\;C:\Program Files (x86)\VMware\VMware Workstation\bin\;C:\Windows\system32;C:\Windows;C:\Windows\System32\Wbem;C:\Windows\System32\WindowsPowerShell\v1.0\;C:\Windows\System32\OpenSSH\;C:\Users\HP-PC\AppData\Local\Microsoft\WindowsApps;C:\Windows\AtlasModules;C:\Windows\AtlasModules\Apps;C:\Windows\AtlasModules\Other;C:\Windows\AtlasModules\Tools;C:\Windows\AtlasModules\Scripts;C:\Windows\AtlasModules;C:\Windows\AtlasModules\Apps;C:\Windows\AtlasModules\Other;C:\Windows\AtlasModules\Tools;C:\Windows\AtlasModules\Scripts;C:\Program Files (x86)\NVIDIA Corporation\PhysX\Common;C:\Program Files\dotnet\;C:\ProgramData\chocolatey\bin;C:\Program Files\Cloudflare\Cloudflare WARP\;C:\Program Files\Java\jdk-21\bin;C:\Program Files\Git\cmd;C:\Program Files\nodejs\;C:\ProgramData\ComposerSetup\bin;C:\Program Files\Docker\Docker\resources\bin;C:\Program Files\NVIDIA Corporation\NVIDIA App\NvDLISR;C:\Users\HP-PC\AppData\Local\Microsoft\WindowsApps;C:\Users\HP-PC\AppData\Local\Programs\Microsoft VS Code\bin;C:\php-8.3.12;C:\xampp\php;C:\Users\HP-PC\AppData\Local\GitHubDesktop\bin;C:\Users\HP-PC\AppData\Roaming\npm;C:\Users\HP-PC\AppData\Roaming\Composer\vendor\bin
USERNAME=HP-PC
OS=Windows_NT
PROCESSOR_IDENTIFIER=Intel64 Family 6 Model 140 Stepping 1, GenuineIntel



---------------  S Y S T E M  ---------------

OS: Windows 10.0 , 64 bit Build 19041 (10.0.19041.5198)

CPU:total 8 (initial active 8) (4 cores per cpu, 2 threads per core) family 6 model 140 stepping 1, cmov, cx8, fxsr, mmx, sse, sse2, sse3, ssse3, sse4.1, sse4.2, popcnt, avx, avx2, aes, clmul, erms, 3dnowpref, lzcnt, ht, tsc, tscinvbit, bmi1, bmi2, adx

Memory: 4k page, physical 16457060k(4590972k free), swap 18554212k(5244k free)

vm_info: Java HotSpot(TM) 64-Bit Server VM (25.202-b08) for windows-amd64 JRE (1.8.0_202-b08), built on Dec 15 2018 19:54:30 by "java_re" with MS VC++ 10.0 (VS2010)

time: Mon Apr 14 21:38:37 2025
timezone: Morocco Daylight Time
elapsed time: 0 seconds (0d 0h 0m 0s)

